{"level":"error","message":"❌ Failed to start server connect ETIMEDOUT","name":"SequelizeConnectionError","original":{"code":"ETIMEDOUT","errorno":"ETIMEDOUT","fatal":true,"syscall":"connect"},"parent":{"code":"ETIMEDOUT","errorno":"ETIMEDOUT","fatal":true,"syscall":"connect"},"service":"expense-tracker-backend","stack":"SequelizeConnectionError: connect ETIMEDOUT\n    at ConnectionManager.connect (E:\\Lab-SWE\\local-service-finder-backend-main\\node_modules\\sequelize\\src\\dialects\\mysql\\connection-manager.js:126:17)\n    at processTicksAndRejections (node:internal/process/task_queues:105:5)\n    at ConnectionManager._connect (E:\\Lab-SWE\\local-service-finder-backend-main\\node_modules\\sequelize\\src\\dialects\\abstract\\connection-manager.js:332:24)\n    at E:\\Lab-SWE\\local-service-finder-backend-main\\node_modules\\sequelize\\src\\dialects\\abstract\\connection-manager.js:250:32\n    at ConnectionManager.getConnection (E:\\Lab-SWE\\local-service-finder-backend-main\\node_modules\\sequelize\\src\\dialects\\abstract\\connection-manager.js:280:7)\n    at E:\\Lab-SWE\\local-service-finder-backend-main\\node_modules\\sequelize\\src\\sequelize.js:638:26\n    at Sequelize.authenticate (E:\\Lab-SWE\\local-service-finder-backend-main\\node_modules\\sequelize\\src\\sequelize.js:972:5)\n    at startServer (E:\\Lab-SWE\\local-service-finder-backend-main\\src\\server.ts:8:5)","timestamp":"2025-10-15 01:05:49"}
{"level":"info","message":"🚀 Server is running on http://localhost:3000","service":"expense-tracker-backend","timestamp":"2025-10-15 01:21:26"}
{"level":"error","message":"❌ Failed to start server connect ETIMEDOUT","name":"SequelizeConnectionError","original":{"code":"ETIMEDOUT","errorno":"ETIMEDOUT","fatal":true,"syscall":"connect"},"parent":{"code":"ETIMEDOUT","errorno":"ETIMEDOUT","fatal":true,"syscall":"connect"},"service":"expense-tracker-backend","stack":"SequelizeConnectionError: connect ETIMEDOUT\n    at ConnectionManager.connect (E:\\Lab-SWE\\local-service-finder-backend-main\\node_modules\\sequelize\\src\\dialects\\mysql\\connection-manager.js:126:17)\n    at processTicksAndRejections (node:internal/process/task_queues:105:5)\n    at ConnectionManager._connect (E:\\Lab-SWE\\local-service-finder-backend-main\\node_modules\\sequelize\\src\\dialects\\abstract\\connection-manager.js:332:24)\n    at E:\\Lab-SWE\\local-service-finder-backend-main\\node_modules\\sequelize\\src\\dialects\\abstract\\connection-manager.js:250:32\n    at ConnectionManager.getConnection (E:\\Lab-SWE\\local-service-finder-backend-main\\node_modules\\sequelize\\src\\dialects\\abstract\\connection-manager.js:280:7)\n    at E:\\Lab-SWE\\local-service-finder-backend-main\\node_modules\\sequelize\\src\\sequelize.js:638:26\n    at Sequelize.authenticate (E:\\Lab-SWE\\local-service-finder-backend-main\\node_modules\\sequelize\\src\\sequelize.js:972:5)\n    at startServer (E:\\Lab-SWE\\local-service-finder-backend-main\\src\\server.ts:8:5)","timestamp":"2025-10-15 01:23:19"}
{"level":"info","message":"🚀 Server is running on http://localhost:3000","service":"expense-tracker-backend","timestamp":"2025-10-15 01:24:48"}
{"level":"info","message":"Fetching all categories","service":"expense-tracker-backend","timestamp":"2025-10-15 01:28:04"}
{"level":"info","message":"Fetched 6 categories","service":"expense-tracker-backend","timestamp":"2025-10-15 01:28:04"}
{"level":"info","message":"Fetching all categories","service":"expense-tracker-backend","timestamp":"2025-10-15 01:28:26"}
{"level":"info","message":"Fetched 6 categories","service":"expense-tracker-backend","timestamp":"2025-10-15 01:28:26"}
{"level":"info","message":"Fetching all categories","service":"expense-tracker-backend","timestamp":"2025-10-15 01:28:56"}
{"level":"info","message":"Fetched 6 categories","service":"expense-tracker-backend","timestamp":"2025-10-15 01:28:56"}
{"level":"info","message":"Email from request body: sam.doe@example.com","service":"expense-tracker-backend","timestamp":"2025-10-15 01:29:23"}
{"level":"info","message":"Password from request body: Passw0rd!","service":"expense-tracker-backend","timestamp":"2025-10-15 01:29:23"}
{"level":"info","message":"User found: Yes","service":"expense-tracker-backend","timestamp":"2025-10-15 01:29:23"}
{"level":"info","message":"Fetching all categories","service":"expense-tracker-backend","timestamp":"2025-10-15 01:29:23"}
{"level":"info","message":"Fetched 6 categories","service":"expense-tracker-backend","timestamp":"2025-10-15 01:29:23"}
{"level":"info","message":"Fetching all categories","service":"expense-tracker-backend","timestamp":"2025-10-15 01:29:39"}
{"level":"info","message":"Fetched 6 categories","service":"expense-tracker-backend","timestamp":"2025-10-15 01:29:39"}
{"level":"info","message":"Fetching all categories","service":"expense-tracker-backend","timestamp":"2025-10-15 01:30:15"}
{"level":"info","message":"Fetched 6 categories","service":"expense-tracker-backend","timestamp":"2025-10-15 01:30:15"}
{"level":"info","message":"Fetching all categories","service":"expense-tracker-backend","timestamp":"2025-10-15 01:30:29"}
{"level":"info","message":"Fetched 6 categories","service":"expense-tracker-backend","timestamp":"2025-10-15 01:30:29"}
{"level":"info","message":"Email from request body: parker.doe@example.com","service":"expense-tracker-backend","timestamp":"2025-10-15 01:31:12"}
{"level":"info","message":"Password from request body: Passw0rd!","service":"expense-tracker-backend","timestamp":"2025-10-15 01:31:12"}
{"level":"info","message":"User found: Yes","service":"expense-tracker-backend","timestamp":"2025-10-15 01:31:12"}
{"level":"error","message":"❌ Failed to start server","name":"SequelizeConnectionRefusedError","original":{"code":"ECONNREFUSED","fatal":true},"parent":{"code":"ECONNREFUSED","fatal":true},"service":"expense-tracker-backend","stack":"SequelizeConnectionRefusedError: \n    at ConnectionManager.connect (E:\\Lab-SWE\\local-service-finder-backend-main\\node_modules\\sequelize\\src\\dialects\\mysql\\connection-manager.js:116:17)\n    at processTicksAndRejections (node:internal/process/task_queues:105:5)\n    at ConnectionManager._connect (E:\\Lab-SWE\\local-service-finder-backend-main\\node_modules\\sequelize\\src\\dialects\\abstract\\connection-manager.js:332:24)\n    at E:\\Lab-SWE\\local-service-finder-backend-main\\node_modules\\sequelize\\src\\dialects\\abstract\\connection-manager.js:250:32\n    at ConnectionManager.getConnection (E:\\Lab-SWE\\local-service-finder-backend-main\\node_modules\\sequelize\\src\\dialects\\abstract\\connection-manager.js:280:7)\n    at E:\\Lab-SWE\\local-service-finder-backend-main\\node_modules\\sequelize\\src\\sequelize.js:638:26\n    at Sequelize.authenticate (E:\\Lab-SWE\\local-service-finder-backend-main\\node_modules\\sequelize\\src\\sequelize.js:972:5)\n    at startServer (E:\\Lab-SWE\\local-service-finder-backend-main\\src\\server.ts:8:5)","timestamp":"2025-10-15 07:13:54"}
{"level":"info","message":"🚀 Server is running on http://localhost:3000","service":"expense-tracker-backend","timestamp":"2025-10-15 07:14:34"}
{"level":"info","message":"Fetching all categories","service":"expense-tracker-backend","timestamp":"2025-10-15 07:14:52"}
{"expiredAt":"2025-10-14T20:29:23.000Z","level":"warn","message":"jwt expired","name":"TokenExpiredError","service":"expense-tracker-backend","stack":"TokenExpiredError: jwt expired\n    at E:\\Lab-SWE\\local-service-finder-backend-main\\node_modules\\jsonwebtoken\\verify.js:190:21\n    at getSecret (E:\\Lab-SWE\\local-service-finder-backend-main\\node_modules\\jsonwebtoken\\verify.js:97:14)\n    at Object.module.exports [as verify] (E:\\Lab-SWE\\local-service-finder-backend-main\\node_modules\\jsonwebtoken\\verify.js:101:10)\n    at verifyAccessToken (E:\\Lab-SWE\\local-service-finder-backend-main\\src\\utils\\jwt.ts:58:25)\n    at authMiddleware (E:\\Lab-SWE\\local-service-finder-backend-main\\src\\middlewares\\auth.ts:19:36)\n    at Layer.handleRequest (E:\\Lab-SWE\\local-service-finder-backend-main\\node_modules\\router\\lib\\layer.js:152:17)\n    at next (E:\\Lab-SWE\\local-service-finder-backend-main\\node_modules\\router\\lib\\route.js:157:13)\n    at Route.dispatch (E:\\Lab-SWE\\local-service-finder-backend-main\\node_modules\\router\\lib\\route.js:117:3)\n    at handle (E:\\Lab-SWE\\local-service-finder-backend-main\\node_modules\\router\\index.js:435:11)\n    at Layer.handleRequest (E:\\Lab-SWE\\local-service-finder-backend-main\\node_modules\\router\\lib\\layer.js:152:17)","timestamp":"2025-10-15 07:14:52"}
{"level":"error","message":"GET /api/v1/users/me - 401 - Unauthorized: Invalid token or expired token Unauthorized: Invalid token or expired token","service":"expense-tracker-backend","stack":"Error: Unauthorized: Invalid token or expired token\n    at authMiddleware (E:\\Lab-SWE\\local-service-finder-backend-main\\src\\middlewares\\auth.ts:21:11)\n    at Layer.handleRequest (E:\\Lab-SWE\\local-service-finder-backend-main\\node_modules\\router\\lib\\layer.js:152:17)\n    at next (E:\\Lab-SWE\\local-service-finder-backend-main\\node_modules\\router\\lib\\route.js:157:13)\n    at Route.dispatch (E:\\Lab-SWE\\local-service-finder-backend-main\\node_modules\\router\\lib\\route.js:117:3)\n    at handle (E:\\Lab-SWE\\local-service-finder-backend-main\\node_modules\\router\\index.js:435:11)\n    at Layer.handleRequest (E:\\Lab-SWE\\local-service-finder-backend-main\\node_modules\\router\\lib\\layer.js:152:17)\n    at E:\\Lab-SWE\\local-service-finder-backend-main\\node_modules\\router\\index.js:295:15\n    at processParams (E:\\Lab-SWE\\local-service-finder-backend-main\\node_modules\\router\\index.js:582:12)\n    at next (E:\\Lab-SWE\\local-service-finder-backend-main\\node_modules\\router\\index.js:291:5)\n    at Function.handle (E:\\Lab-SWE\\local-service-finder-backend-main\\node_modules\\router\\index.js:186:3)","statusCode":401,"timestamp":"2025-10-15 07:14:52"}
{"level":"info","message":"Fetched 6 categories","service":"expense-tracker-backend","timestamp":"2025-10-15 07:14:52"}
{"level":"error","message":"❌ Failed to start server","name":"SequelizeConnectionRefusedError","original":{"code":"ECONNREFUSED","fatal":true},"parent":{"code":"ECONNREFUSED","fatal":true},"service":"expense-tracker-backend","stack":"SequelizeConnectionRefusedError: \n    at ConnectionManager.connect (E:\\Lab-SWE\\local-service-finder-backend-main\\node_modules\\sequelize\\src\\dialects\\mysql\\connection-manager.js:116:17)\n    at processTicksAndRejections (node:internal/process/task_queues:105:5)\n    at ConnectionManager._connect (E:\\Lab-SWE\\local-service-finder-backend-main\\node_modules\\sequelize\\src\\dialects\\abstract\\connection-manager.js:332:24)\n    at E:\\Lab-SWE\\local-service-finder-backend-main\\node_modules\\sequelize\\src\\dialects\\abstract\\connection-manager.js:250:32\n    at ConnectionManager.getConnection (E:\\Lab-SWE\\local-service-finder-backend-main\\node_modules\\sequelize\\src\\dialects\\abstract\\connection-manager.js:280:7)\n    at E:\\Lab-SWE\\local-service-finder-backend-main\\node_modules\\sequelize\\src\\sequelize.js:638:26\n    at Sequelize.authenticate (E:\\Lab-SWE\\local-service-finder-backend-main\\node_modules\\sequelize\\src\\sequelize.js:972:5)\n    at startServer (E:\\Lab-SWE\\local-service-finder-backend-main\\src\\server.ts:8:5)","timestamp":"2025-10-15 08:13:31"}
{"level":"info","message":"🚀 Server is running on http://localhost:3000","service":"expense-tracker-backend","timestamp":"2025-10-15 08:14:01"}
{"level":"info","message":"Fetching all categories","service":"expense-tracker-backend","timestamp":"2025-10-15 08:15:11"}
{"level":"info","message":"Fetched 6 categories","service":"expense-tracker-backend","timestamp":"2025-10-15 08:15:11"}
{"level":"info","message":"Fetching all categories","service":"expense-tracker-backend","timestamp":"2025-10-15 08:15:24"}
{"level":"info","message":"Fetched 6 categories","service":"expense-tracker-backend","timestamp":"2025-10-15 08:15:24"}
{"level":"info","message":"Fetching all categories","service":"expense-tracker-backend","timestamp":"2025-10-15 08:15:39"}
{"level":"info","message":"Fetched 6 categories","service":"expense-tracker-backend","timestamp":"2025-10-15 08:15:39"}
{"level":"info","message":"Email from request body: sam.doe@example.com","service":"expense-tracker-backend","timestamp":"2025-10-15 08:16:22"}
{"level":"info","message":"Password from request body: Passw0rd","service":"expense-tracker-backend","timestamp":"2025-10-15 08:16:22"}
{"level":"info","message":"User found: Yes","service":"expense-tracker-backend","timestamp":"2025-10-15 08:16:22"}
{"level":"error","message":"POST /api/v1/auth/login - 401 - Invalid password Invalid password","service":"expense-tracker-backend","stack":"Error: Invalid password\n    at Object.loginUser (E:\\Lab-SWE\\local-service-finder-backend-main\\src\\modules\\auth\\auth.service.ts:42:11)\n    at E:\\Lab-SWE\\local-service-finder-backend-main\\src\\modules\\auth\\auth.controller.ts:15:18","statusCode":401,"timestamp":"2025-10-15 08:16:22"}
{"level":"info","message":"Email from request body: sam.doe@example.com","service":"expense-tracker-backend","timestamp":"2025-10-15 08:16:28"}
{"level":"info","message":"Password from request body: Passw0rd","service":"expense-tracker-backend","timestamp":"2025-10-15 08:16:28"}
{"level":"info","message":"User found: Yes","service":"expense-tracker-backend","timestamp":"2025-10-15 08:16:28"}
{"level":"error","message":"POST /api/v1/auth/login - 401 - Invalid password Invalid password","service":"expense-tracker-backend","stack":"Error: Invalid password\n    at Object.loginUser (E:\\Lab-SWE\\local-service-finder-backend-main\\src\\modules\\auth\\auth.service.ts:42:11)\n    at E:\\Lab-SWE\\local-service-finder-backend-main\\src\\modules\\auth\\auth.controller.ts:15:18","statusCode":401,"timestamp":"2025-10-15 08:16:28"}
{"level":"info","message":"🚀 Server is running on http://localhost:3000","service":"expense-tracker-backend","timestamp":"2025-10-15 08:42:30"}
{"level":"info","message":"Fetching all categories","service":"expense-tracker-backend","timestamp":"2025-10-15 08:43:11"}
{"level":"info","message":"Fetched 6 categories","service":"expense-tracker-backend","timestamp":"2025-10-15 08:43:11"}
{"level":"info","message":"Email from request body: sam.doe@example.com","service":"expense-tracker-backend","timestamp":"2025-10-15 08:44:51"}
{"level":"info","message":"Password from request body: Passw0rd!","service":"expense-tracker-backend","timestamp":"2025-10-15 08:44:51"}
{"level":"info","message":"User found: Yes","service":"expense-tracker-backend","timestamp":"2025-10-15 08:44:51"}
{"level":"info","message":"Fetching all categories","service":"expense-tracker-backend","timestamp":"2025-10-15 08:44:51"}
{"level":"info","message":"Fetched 6 categories","service":"expense-tracker-backend","timestamp":"2025-10-15 08:44:51"}
{"level":"info","message":"Email from request body: parker.doe@example.com","service":"expense-tracker-backend","timestamp":"2025-10-15 08:45:24"}
{"level":"info","message":"Password from request body: Passw0rd!","service":"expense-tracker-backend","timestamp":"2025-10-15 08:45:24"}
{"level":"info","message":"User found: Yes","service":"expense-tracker-backend","timestamp":"2025-10-15 08:45:24"}
{"level":"info","message":"Fetching all categories","service":"expense-tracker-backend","timestamp":"2025-10-15 08:46:41"}
{"level":"info","message":"Fetched 6 categories","service":"expense-tracker-backend","timestamp":"2025-10-15 08:46:41"}
{"level":"info","message":"Fetching all categories","service":"expense-tracker-backend","timestamp":"2025-10-15 08:48:11"}
{"level":"info","message":"Fetched 6 categories","service":"expense-tracker-backend","timestamp":"2025-10-15 08:48:11"}
{"level":"info","message":"Fetching all categories","service":"expense-tracker-backend","timestamp":"2025-10-15 08:52:28"}
{"level":"info","message":"Fetched 6 categories","service":"expense-tracker-backend","timestamp":"2025-10-15 08:52:28"}
{"level":"info","message":"Fetching all categories","service":"expense-tracker-backend","timestamp":"2025-10-15 08:53:07"}
{"level":"info","message":"Fetched 6 categories","service":"expense-tracker-backend","timestamp":"2025-10-15 08:53:07"}
{"level":"info","message":"Fetching all categories","service":"expense-tracker-backend","timestamp":"2025-10-15 08:54:12"}
{"level":"info","message":"Fetched 6 categories","service":"expense-tracker-backend","timestamp":"2025-10-15 08:54:12"}
{"level":"info","message":"🚀 Server is running on http://localhost:3000","service":"expense-tracker-backend","timestamp":"2025-10-15 08:57:46"}
{"level":"info","message":"Fetching all categories","service":"expense-tracker-backend","timestamp":"2025-10-15 08:58:12"}
{"level":"info","message":"Fetched 6 categories","service":"expense-tracker-backend","timestamp":"2025-10-15 08:58:12"}
{"level":"info","message":"Fetching all categories","service":"expense-tracker-backend","timestamp":"2025-10-15 09:07:14"}
{"level":"info","message":"Fetched 6 categories","service":"expense-tracker-backend","timestamp":"2025-10-15 09:07:14"}
{"level":"info","message":"Fetching all categories","service":"expense-tracker-backend","timestamp":"2025-10-15 09:16:34"}
{"level":"info","message":"Fetched 6 categories","service":"expense-tracker-backend","timestamp":"2025-10-15 09:16:34"}
{"level":"info","message":"🚀 Server is running on http://localhost:3000","service":"expense-tracker-backend","timestamp":"2025-10-15 09:33:10"}
{"level":"info","message":"Fetching all categories","service":"expense-tracker-backend","timestamp":"2025-10-15 09:33:28"}
{"level":"info","message":"Fetched 6 categories","service":"expense-tracker-backend","timestamp":"2025-10-15 09:33:28"}
{"level":"info","message":"Fetching all categories","service":"expense-tracker-backend","timestamp":"2025-10-15 09:33:51"}
{"level":"info","message":"Fetched 6 categories","service":"expense-tracker-backend","timestamp":"2025-10-15 09:33:51"}
{"level":"info","message":"Fetching all categories","service":"expense-tracker-backend","timestamp":"2025-10-15 09:34:01"}
{"level":"info","message":"Fetched 6 categories","service":"expense-tracker-backend","timestamp":"2025-10-15 09:34:01"}
{"level":"info","message":"Fetching all categories","service":"expense-tracker-backend","timestamp":"2025-10-15 09:35:47"}
{"level":"info","message":"Fetched 6 categories","service":"expense-tracker-backend","timestamp":"2025-10-15 09:35:47"}
{"level":"info","message":"Fetching all categories","service":"expense-tracker-backend","timestamp":"2025-10-15 09:37:13"}
{"level":"info","message":"Fetched 6 categories","service":"expense-tracker-backend","timestamp":"2025-10-15 09:37:13"}
{"level":"info","message":"Email from request body: sam.doe@example.com","service":"expense-tracker-backend","timestamp":"2025-10-15 09:37:30"}
{"level":"info","message":"Password from request body: Passw0rd!","service":"expense-tracker-backend","timestamp":"2025-10-15 09:37:30"}
{"level":"info","message":"User found: Yes","service":"expense-tracker-backend","timestamp":"2025-10-15 09:37:30"}
{"level":"info","message":"Fetching all categories","service":"expense-tracker-backend","timestamp":"2025-10-15 09:37:31"}
{"level":"info","message":"Fetched 6 categories","service":"expense-tracker-backend","timestamp":"2025-10-15 09:37:31"}
{"level":"info","message":"Email from request body: parker.doe@example.com","service":"expense-tracker-backend","timestamp":"2025-10-15 09:38:59"}
{"level":"info","message":"Password from request body: Passw0rd!","service":"expense-tracker-backend","timestamp":"2025-10-15 09:38:59"}
{"level":"info","message":"User found: Yes","service":"expense-tracker-backend","timestamp":"2025-10-15 09:38:59"}
{"about":"","address":"123 Gulshan Avenue, Dhaka","categoryId":1,"email":"sam2.doe@example.com","firstName":"Jayed ","lastName":"Marten","level":"info","message":"====Request data: ","password":"$2b$10$O3AMvB9IZThGIPkFnZJtoeS9wCeMo33.q49PPK0MKZJsHudXe.FGy","phone":"+8801712345679","role":"CUSTOMER","service":"expense-tracker-backend","timestamp":"2025-10-15 09:52:48"}
{"level":"info","message":"Fetching all categories","service":"expense-tracker-backend","timestamp":"2025-10-15 10:09:02"}
{"level":"info","message":"Fetched 6 categories","service":"expense-tracker-backend","timestamp":"2025-10-15 10:09:03"}
